Unity Editor version:    2020.3.18f1 (a7d1c678663c)
Branch:                  2020.3/staging
Build type:              Release
Batch mode:              YES
macOS version:           Version 10.15.7 (Build 19H1419)
Darwin version:          19.6.0
Architecture:            x86_64
Running under Rosetta:   NO
Available memory:        8192 MB
Using pre-set license
Pro License: NO

COMMAND LINE ARGUMENTS:
/Applications/Unity/Hub/Editor/2020.3.18f1/Unity.app/Contents/MacOS/Unity
-adb2
-batchMode
-noUpm
-name
AssetImportWorker0
-projectPath
/Users/aubreymeier/Documents/GitHub/Project 2
-logFile
Logs/AssetImportWorker0.log
-srvPort
55310
Successfully changed project path to: /Users/aubreymeier/Documents/GitHub/Project 2
/Users/aubreymeier/Documents/GitHub/Project 2
Using Asset Import Pipeline V2.
Refreshing native plugins compatible for Editor in 56.36 ms, found 2 plugins.
Preloading 0 native plugins for Editor in 0.00 ms.
Initialize engine version: 2020.3.18f1 (a7d1c678663c)
[Subsystems] Discovering subsystems at path /Applications/Unity/Hub/Editor/2020.3.18f1/Unity.app/Contents/Resources/UnitySubsystems
[Subsystems] Discovering subsystems at path /Users/aubreymeier/Documents/GitHub/Project 2/Assets
GfxDevice: creating device client; threaded=0
2021-10-14 11:30:58.605 Unity[57903:412939] Color LCD preferred device: Intel(R) Iris(TM) Plus Graphics 655 (low power)
2021-10-14 11:30:58.605 Unity[57903:412939] Metal devices available: 1
2021-10-14 11:30:58.605 Unity[57903:412939] 0: Intel(R) Iris(TM) Plus Graphics 655 (low power)
2021-10-14 11:30:58.606 Unity[57903:412939] Using device Intel(R) Iris(TM) Plus Graphics 655 (low power)
Initializing Metal device caps: Intel(R) Iris(TM) Plus Graphics 655
Initialize mono
Mono path[0] = '/Applications/Unity/Hub/Editor/2020.3.18f1/Unity.app/Contents/Managed'
Mono path[1] = '/Applications/Unity/Hub/Editor/2020.3.18f1/Unity.app/Contents/MonoBleedingEdge/lib/mono/unityjit'
Mono config path = '/Applications/Unity/Hub/Editor/2020.3.18f1/Unity.app/Contents/MonoBleedingEdge/etc'
Using monoOptions --debugger-agent=transport=dt_socket,embedding=1,server=y,suspend=n,address=127.0.0.1:56903
Begin MonoManager ReloadAssembly
Registering precompiled unity dll's ...
Register platform support module: /Applications/Unity/Hub/Editor/2020.3.18f1/PlaybackEngines/WebGLSupport/UnityEditor.WebGL.Extensions.dll
Register platform support module: /Applications/Unity/Hub/Editor/2020.3.18f1/Unity.app/Contents/PlaybackEngines/MacStandaloneSupport/UnityEditor.OSXStandalone.Extensions.dll
Registered in 0.006422 seconds.
Native extension for OSXStandalone target not found
Native extension for WebGL target not found
Refreshing native plugins compatible for Editor in 44.92 ms, found 2 plugins.
Preloading 0 native plugins for Editor in 0.00 ms.
Mono: successfully reloaded assembly
- Completed reload, in  1.726 seconds
Domain Reload Profiling:
	ReloadAssembly (1726ms)
		BeginReloadAssembly (46ms)
			ExecutionOrderSort (0ms)
			DisableScriptedObjects (0ms)
			BackupInstance (0ms)
			ReleaseScriptingObjects (0ms)
			CreateAndSetChildDomain (1ms)
		EndReloadAssembly (540ms)
			LoadAssemblies (49ms)
			RebuildTransferFunctionScriptingTraits (0ms)
			SetupTypeCache (211ms)
			ReleaseScriptCaches (0ms)
			RebuildScriptCaches (47ms)
			SetupLoadedEditorAssemblies (215ms)
				LogAssemblyErrors (0ms)
				InitializePlatformSupportModulesInManaged (6ms)
				SetLoadedEditorAssemblies (0ms)
				RefreshPlugins (45ms)
				BeforeProcessingInitializeOnLoad (9ms)
				ProcessInitializeOnLoadAttributes (118ms)
				ProcessInitializeOnLoadMethodAttributes (37ms)
				AfterProcessingInitializeOnLoad (0ms)
				EditorAssembliesLoaded (0ms)
			ExecutionOrderSort2 (0ms)
			AwakeInstancesAfterBackupRestoration (0ms)
Platform modules already initialized, skipping
Registering precompiled user dll's ...
Registered in 0.008391 seconds.
Begin MonoManager ReloadAssembly
Native extension for OSXStandalone target not found
Native extension for WebGL target not found
Refreshing native plugins compatible for Editor in 45.39 ms, found 2 plugins.
Preloading 0 native plugins for Editor in 0.00 ms.
Mono: successfully reloaded assembly
- Completed reload, in  1.448 seconds
Domain Reload Profiling:
	ReloadAssembly (1450ms)
		BeginReloadAssembly (189ms)
			ExecutionOrderSort (0ms)
			DisableScriptedObjects (5ms)
			BackupInstance (0ms)
			ReleaseScriptingObjects (0ms)
			CreateAndSetChildDomain (40ms)
		EndReloadAssembly (1183ms)
			LoadAssemblies (113ms)
			RebuildTransferFunctionScriptingTraits (0ms)
			SetupTypeCache (397ms)
			ReleaseScriptCaches (1ms)
			RebuildScriptCaches (74ms)
			SetupLoadedEditorAssemblies (444ms)
				LogAssemblyErrors (0ms)
				InitializePlatformSupportModulesInManaged (5ms)
				SetLoadedEditorAssemblies (0ms)
				RefreshPlugins (45ms)
				BeforeProcessingInitializeOnLoad (59ms)
				ProcessInitializeOnLoadAttributes (322ms)
				ProcessInitializeOnLoadMethodAttributes (10ms)
				AfterProcessingInitializeOnLoad (1ms)
				EditorAssembliesLoaded (0ms)
			ExecutionOrderSort2 (0ms)
			AwakeInstancesAfterBackupRestoration (8ms)
Platform modules already initialized, skipping
Validating Project structure ... 0.038719 seconds.
Shader import version has changed; will reimport all shaders...
Upgrading shader files ...0.067534 seconds.
Application.AssetDatabase Initial Script Refresh Start
RefreshInfo: InitialScriptRefreshV2(NoUpdateAssetOptions) scanfilter:  ... 1 filters
RefreshProfiler: Total: 0.000ms
Application.AssetDatabase Initial Script Refresh End
Application.AssetDatabase.Refresh Start
Application.AssetDatabase.Refresh End
RefreshInfo: StopAssetImportingV2(ForceSynchronousImport) scanfilter: 
RefreshProfiler: Total: 0.000ms
Launching external process: /Applications/Unity/Hub/Editor/2020.3.18f1/Unity.app/Contents/Tools/UnityShaderCompiler
Launched and connected shader compiler UnityShaderCompiler after 0.03 seconds
Initializing Unity extensions:
========================================================================
Worker process is ready to serve import requests
Refreshing native plugins compatible for Editor in 0.55 ms, found 2 plugins.
Preloading 0 native plugins for Editor in 0.00 ms.
Unloading 1961 Unused Serialized files (Serialized files now loaded: 0)
System memory in use before: 196.0 MB.
System memory in use after: 195.3 MB.

Unloading 147 unused Assets to reduce memory usage. Loaded Objects now: 2444.
Total: 3.522297 ms (FindLiveObjects: 0.246016 ms CreateObjectMapping: 0.082616 ms MarkObjects: 2.878737 ms  DeleteObjects: 0.313762 ms)

AssetImportParameters requested are different than current active one (requested -> active):
  custom:video-decoder-ogg-theora: a1e56fd34408186e4bbccfd4996cb3dc -> 
  custom:container-muxer-webm: aa71ff27fc2769a1b78a27578f13a17b -> 
  custom:container-demuxer-webm: 4f35f7cbe854078d1ac9338744f61a02 -> 
  custom:container-demuxer-ogg: 62fdf1f143b41e24485cea50d1cbac27 -> 
  custom:video-encoder-webm-vp8: eb34c28f22e8b96e1ab97ce403110664 -> 
  custom:framework-osx-AVFoundation: b23960f63f64bdc6ff669e2cdcee2391 -> 
  custom:video-decoder-webm-vp8: 9c59270c3fd7afecdb556c50c9e8de78 -> 
  custom:audio-decoder-ogg-vorbis: bf7c407c2cedff20999df2af8eb42d56 -> 
  custom:audio-encoder-webm-vorbis: bf7c407c2cedff20999df2af8eb42d56 -> 
========================================================================
Received Import Request.
  path: Assets/DreamForestTree/Particle/something.psd
  artifactKey: Guid(4b722cc6ec5408b4ebfc173f9bf7a9b7) Importer(815301076,1909f56bfc062723c751e8b465ee728b)
Start importing Assets/DreamForestTree/Particle/something.psd using Guid(4b722cc6ec5408b4ebfc173f9bf7a9b7) Importer(815301076,1909f56bfc062723c751e8b465ee728b)  -> (artifact id: '099504d7a0a324d27e9834c75eb903e3') in 0.475645 seconds 
  Import took 0.482949 seconds .

========================================================================
Received Import Request.
  Time since last request: 0.004168 seconds.
  path: Assets/DreamForestTree/PostProcessing Profile/CamPost 3.asset
  artifactKey: Guid(cf265f77576c18743a6b0c4d31b96d3a) Importer(815301076,1909f56bfc062723c751e8b465ee728b)
Start importing Assets/DreamForestTree/PostProcessing Profile/CamPost 3.asset using Guid(cf265f77576c18743a6b0c4d31b96d3a) Importer(815301076,1909f56bfc062723c751e8b465ee728b)  -> (artifact id: '7549c16a30be8e52dfc82e2d5cbf0715') in 0.345893 seconds 
  Import took 0.350384 seconds .

========================================================================
Received Import Request.
  Time since last request: 0.003438 seconds.
  path: Assets/DreamForestTree/Particle/_particle.prefab
  artifactKey: Guid(2003259857fd3f940bcd53bbb9131ca9) Importer(815301076,1909f56bfc062723c751e8b465ee728b)
Start importing Assets/DreamForestTree/Particle/_particle.prefab using Guid(2003259857fd3f940bcd53bbb9131ca9) Importer(815301076,1909f56bfc062723c751e8b465ee728b)  -> (artifact id: 'c1e1a27686c8ded1b2429bed02ce3ba0') in 0.261916 seconds 
  Import took 0.267335 seconds .

========================================================================
Received Import Request.
  Time since last request: 0.002635 seconds.
  path: Assets/DreamForestTree/DemoScene/LightingData.asset
  artifactKey: Guid(281c57df7b9f7fc4a8f9dee36e44c196) Importer(815301076,1909f56bfc062723c751e8b465ee728b)
Start importing Assets/DreamForestTree/DemoScene/LightingData.asset using Guid(281c57df7b9f7fc4a8f9dee36e44c196) Importer(815301076,1909f56bfc062723c751e8b465ee728b) Lighting data asset ‘LightingData’ is incompatible with the current Unity version. Please use Generate Lighting to rebuild the lighting data.  Realtime Global Illumination cannot be used until the lighting data is rebuilt.
 -> (artifact id: '013e30f53bd0ed0b4f1b68362e788406') in 0.008460 seconds 
  Import took 0.012828 seconds .

========================================================================
Received Import Request.
  Time since last request: 0.000250 seconds.
  path: Assets/DreamForestTree/PostProcessing Profile/CamPost 1.asset
  artifactKey: Guid(0072cf6ba832aae41bcf1407dc550cd1) Importer(815301076,1909f56bfc062723c751e8b465ee728b)
Start importing Assets/DreamForestTree/PostProcessing Profile/CamPost 1.asset using Guid(0072cf6ba832aae41bcf1407dc550cd1) Importer(815301076,1909f56bfc062723c751e8b465ee728b)  -> (artifact id: 'd9ecfd109eb8c5badf05142be134d8ae') in 0.004439 seconds 
  Import took 0.008379 seconds .

========================================================================
Received Import Request.
  Time since last request: 0.000295 seconds.
  path: Assets/DreamForestTree/PostProcessing Profile/CamPost 2.asset
  artifactKey: Guid(5adab8c23044f4a42aa7db130e1b8070) Importer(815301076,1909f56bfc062723c751e8b465ee728b)
Start importing Assets/DreamForestTree/PostProcessing Profile/CamPost 2.asset using Guid(5adab8c23044f4a42aa7db130e1b8070) Importer(815301076,1909f56bfc062723c751e8b465ee728b)  -> (artifact id: 'a65e399c531697472c843f3b9897a6da') in 0.004996 seconds 
  Import took 0.009634 seconds .

========================================================================
Received Import Request.
  Time since last request: 0.000275 seconds.
  path: Assets/DreamForestTree/DemoScene/ReflectionProbe-0.exr
  artifactKey: Guid(969182f7db0071d46b5caf0ca47b7f58) Importer(815301076,1909f56bfc062723c751e8b465ee728b)
Start importing Assets/DreamForestTree/DemoScene/ReflectionProbe-0.exr using Guid(969182f7db0071d46b5caf0ca47b7f58) Importer(815301076,1909f56bfc062723c751e8b465ee728b)  -> (artifact id: '711585864f376f9cfaba1b2ac21df7dc') in 0.411924 seconds 
  Import took 0.416556 seconds .

========================================================================
Received Import Request.
  Time since last request: 0.003709 seconds.
  path: Assets/DreamForestTree/PostProcessing Profile/CamPost 0.asset
  artifactKey: Guid(33f236cd005a70a46b6f1c8f0c9de499) Importer(815301076,1909f56bfc062723c751e8b465ee728b)
Start importing Assets/DreamForestTree/PostProcessing Profile/CamPost 0.asset using Guid(33f236cd005a70a46b6f1c8f0c9de499) Importer(815301076,1909f56bfc062723c751e8b465ee728b)  -> (artifact id: '280cc8886eb4e3aa67433afbd3e87f5a') in 0.003723 seconds 
  Import took 0.008029 seconds .

========================================================================
Received Import Request.
  Time since last request: 315.834610 seconds.
  path: Assets/cemetery halloween set/mobile_models/mobile_lava_dead_tree_03.FBX
  artifactKey: Guid(8476f98d2a1def44ea9084c5f4608736) Importer(815301076,1909f56bfc062723c751e8b465ee728b)
Start importing Assets/cemetery halloween set/mobile_models/mobile_lava_dead_tree_03.FBX using Guid(8476f98d2a1def44ea9084c5f4608736) Importer(815301076,1909f56bfc062723c751e8b465ee728b)  -> (artifact id: 'f313947620851114e50d7affca2b95c0') in 0.634086 seconds 
  Import took 0.642998 seconds .

========================================================================
Received Import Request.
  Time since last request: 0.005351 seconds.
  path: Assets/cemetery halloween set/mobile_models/mobile_lava_dead_tree_04.FBX
  artifactKey: Guid(e1867c13ec759b0499989f0ab846f63a) Importer(815301076,1909f56bfc062723c751e8b465ee728b)
Start importing Assets/cemetery halloween set/mobile_models/mobile_lava_dead_tree_04.FBX using Guid(e1867c13ec759b0499989f0ab846f63a) Importer(815301076,1909f56bfc062723c751e8b465ee728b)  -> (artifact id: '075f07df88b14a8269d2d43517836f9a') in 0.061437 seconds 
  Import took 0.068256 seconds .

========================================================================
Received Import Request.
  Time since last request: 0.589238 seconds.
  path: Assets/cemetery halloween set/mobile_models/mobile_lava_dead_tree_05.FBX
  artifactKey: Guid(206cac0edeba8064ba456fb9c2175038) Importer(815301076,1909f56bfc062723c751e8b465ee728b)
Start importing Assets/cemetery halloween set/mobile_models/mobile_lava_dead_tree_05.FBX using Guid(206cac0edeba8064ba456fb9c2175038) Importer(815301076,1909f56bfc062723c751e8b465ee728b)  -> (artifact id: '310949899f1b5ed63ff07b5e7ec05444') in 0.055741 seconds 
  Import took 0.062685 seconds .

========================================================================
Received Import Request.
  Time since last request: 0.000286 seconds.
  path: Assets/cemetery halloween set/mobile_models/mobile_pumpkin_11.FBX
  artifactKey: Guid(aa4f4e917c3145d4682904e61e938106) Importer(815301076,1909f56bfc062723c751e8b465ee728b)
Start importing Assets/cemetery halloween set/mobile_models/mobile_pumpkin_11.FBX using Guid(aa4f4e917c3145d4682904e61e938106) Importer(815301076,1909f56bfc062723c751e8b465ee728b)  -> (artifact id: 'e76bed5ea111b15ed19193409817a452') in 0.072410 seconds 
  Import took 0.079391 seconds .

========================================================================
Received Import Request.
  Time since last request: 0.000198 seconds.
  path: Assets/cemetery halloween set/mobile_models/mobile_pumpkin_06.FBX
  artifactKey: Guid(0aed48a7df4c5f84b8df99e5cc0607fb) Importer(815301076,1909f56bfc062723c751e8b465ee728b)
Start importing Assets/cemetery halloween set/mobile_models/mobile_pumpkin_06.FBX using Guid(0aed48a7df4c5f84b8df99e5cc0607fb) Importer(815301076,1909f56bfc062723c751e8b465ee728b)  -> (artifact id: 'a4a92bd716df588f664754f06e830a92') in 0.062275 seconds 
  Import took 0.069955 seconds .

========================================================================
Received Import Request.
  Time since last request: 0.000294 seconds.
  path: Assets/cemetery halloween set/mobile_models/mobile_pumpkin_05.FBX
  artifactKey: Guid(f48a3af7e4d3d3046ae0fe1995d6c765) Importer(815301076,1909f56bfc062723c751e8b465ee728b)
Start importing Assets/cemetery halloween set/mobile_models/mobile_pumpkin_05.FBX using Guid(f48a3af7e4d3d3046ae0fe1995d6c765) Importer(815301076,1909f56bfc062723c751e8b465ee728b)  -> (artifact id: 'ce72a26a62f95ec14fb5a23da6637ae7') in 0.051723 seconds 
  Import took 0.058106 seconds .

========================================================================
Received Import Request.
  Time since last request: 0.000309 seconds.
  path: Assets/cemetery halloween set/mobile_models/mobile_rock_02.fbx
  artifactKey: Guid(02baa7d21c557c741a055362aa261913) Importer(815301076,1909f56bfc062723c751e8b465ee728b)
Start importing Assets/cemetery halloween set/mobile_models/mobile_rock_02.fbx using Guid(02baa7d21c557c741a055362aa261913) Importer(815301076,1909f56bfc062723c751e8b465ee728b)  -> (artifact id: 'a79696cc9512eccedbb887635595637f') in 0.402546 seconds 
  Import took 0.409176 seconds .

========================================================================
Received Import Request.
  Time since last request: 0.004317 seconds.
  path: Assets/cemetery halloween set/mobile_models/mobile_pumpkin_12.FBX
  artifactKey: Guid(1051ddecbd1403548a9c3062461e5b61) Importer(815301076,1909f56bfc062723c751e8b465ee728b)
Start importing Assets/cemetery halloween set/mobile_models/mobile_pumpkin_12.FBX using Guid(1051ddecbd1403548a9c3062461e5b61) Importer(815301076,1909f56bfc062723c751e8b465ee728b)  -> (artifact id: '7dfb369b107f830304191bcd79600371') in 0.041682 seconds 
  Import took 0.047570 seconds .

========================================================================
Received Import Request.
  Time since last request: 0.000233 seconds.
  path: Assets/cemetery halloween set/mobile_models/mobile_lava_dead_tree_06.FBX
  artifactKey: Guid(760f857fe59b1d64482988b4ac056426) Importer(815301076,1909f56bfc062723c751e8b465ee728b)
Start importing Assets/cemetery halloween set/mobile_models/mobile_lava_dead_tree_06.FBX using Guid(760f857fe59b1d64482988b4ac056426) Importer(815301076,1909f56bfc062723c751e8b465ee728b)  -> (artifact id: '9c9eb5ef234100bd8394c7c981207937') in 0.049561 seconds 
  Import took 0.055408 seconds .

========================================================================
Received Import Request.
  Time since last request: 0.000242 seconds.
  path: Assets/cemetery halloween set/mobile_models/mobile_rock_08.fbx
  artifactKey: Guid(7dc9d321c3853e14c997fc124045f89b) Importer(815301076,1909f56bfc062723c751e8b465ee728b)
Start importing Assets/cemetery halloween set/mobile_models/mobile_rock_08.fbx using Guid(7dc9d321c3853e14c997fc124045f89b) Importer(815301076,1909f56bfc062723c751e8b465ee728b)  -> (artifact id: '14febdba330e5a8e6de2ef3a39e8325a') in 0.047687 seconds 
  Import took 0.055368 seconds .

========================================================================
Received Import Request.
  Time since last request: 0.000255 seconds.
  path: Assets/cemetery halloween set/mobile_models/mobile_pumpkin_01.FBX
  artifactKey: Guid(efc7b3978d2aef348962d2218fc8da52) Importer(815301076,1909f56bfc062723c751e8b465ee728b)
Start importing Assets/cemetery halloween set/mobile_models/mobile_pumpkin_01.FBX using Guid(efc7b3978d2aef348962d2218fc8da52) Importer(815301076,1909f56bfc062723c751e8b465ee728b)  -> (artifact id: 'ec9dfcbd309f2b9607cfead2630392c7') in 0.051562 seconds 
  Import took 0.058410 seconds .

========================================================================
Received Import Request.
  Time since last request: 0.000228 seconds.
  path: Assets/cemetery halloween set/mobile_models/mobile_pumpkin_10.FBX
  artifactKey: Guid(bce70945033097f4f9bc62f66d8412b3) Importer(815301076,1909f56bfc062723c751e8b465ee728b)
Start importing Assets/cemetery halloween set/mobile_models/mobile_pumpkin_10.FBX using Guid(bce70945033097f4f9bc62f66d8412b3) Importer(815301076,1909f56bfc062723c751e8b465ee728b)  -> (artifact id: 'b61434d8e5b697549dd3914fdb530c92') in 0.052668 seconds 
  Import took 0.058543 seconds .

========================================================================
Received Import Request.
  Time since last request: 0.000245 seconds.
  path: Assets/cemetery halloween set/mobile_models/mobile_pumpkin_08.FBX
  artifactKey: Guid(cad228d00637b264b9c14371fa8c049a) Importer(815301076,1909f56bfc062723c751e8b465ee728b)
Start importing Assets/cemetery halloween set/mobile_models/mobile_pumpkin_08.FBX using Guid(cad228d00637b264b9c14371fa8c049a) Importer(815301076,1909f56bfc062723c751e8b465ee728b)  -> (artifact id: 'a0229eaed00e51c34c91bfe883daf646') in 0.040499 seconds 
  Import took 0.046501 seconds .

========================================================================
Received Import Request.
  Time since last request: 0.000220 seconds.
  path: Assets/cemetery halloween set/mobile_models/mobile_pumpkin_04.FBX
  artifactKey: Guid(c4fec476e34c51c4a91a1a1c8b519745) Importer(815301076,1909f56bfc062723c751e8b465ee728b)
Start importing Assets/cemetery halloween set/mobile_models/mobile_pumpkin_04.FBX using Guid(c4fec476e34c51c4a91a1a1c8b519745) Importer(815301076,1909f56bfc062723c751e8b465ee728b)  -> (artifact id: '8dad0d6421059ba35c1193e9d650fa1c') in 0.036939 seconds 
  Import took 0.043081 seconds .

========================================================================
Received Import Request.
  Time since last request: 0.000233 seconds.
  path: Assets/cemetery halloween set/mobile_models/mobile_rock_04.fbx
  artifactKey: Guid(2bbf55c64d6f66943ac04f23fe15cabe) Importer(815301076,1909f56bfc062723c751e8b465ee728b)
Start importing Assets/cemetery halloween set/mobile_models/mobile_rock_04.fbx using Guid(2bbf55c64d6f66943ac04f23fe15cabe) Importer(815301076,1909f56bfc062723c751e8b465ee728b)  -> (artifact id: 'd33720f96877920ffdd3a50c78444953') in 0.036438 seconds 
  Import took 0.042599 seconds .

========================================================================
Received Import Request.
  Time since last request: 0.000230 seconds.
  path: Assets/cemetery halloween set/mobile_models/mobile_rock_01.fbx
  artifactKey: Guid(72e397dd9ef44654ea00f2826b418c79) Importer(815301076,1909f56bfc062723c751e8b465ee728b)
Start importing Assets/cemetery halloween set/mobile_models/mobile_rock_01.fbx using Guid(72e397dd9ef44654ea00f2826b418c79) Importer(815301076,1909f56bfc062723c751e8b465ee728b)  -> (artifact id: '12972f855aea1609dc40385f35e5ccc3') in 0.033213 seconds 
  Import took 0.039304 seconds .

========================================================================
Received Import Request.
  Time since last request: 0.000266 seconds.
  path: Assets/cemetery halloween set/mobile_models/mobile_rock_05.fbx
  artifactKey: Guid(728cebed901f16e49ab5d0dfb82c1a11) Importer(815301076,1909f56bfc062723c751e8b465ee728b)
Start importing Assets/cemetery halloween set/mobile_models/mobile_rock_05.fbx using Guid(728cebed901f16e49ab5d0dfb82c1a11) Importer(815301076,1909f56bfc062723c751e8b465ee728b)  -> (artifact id: '3952e71cd46aa3912df9c42509c49ed3') in 0.039206 seconds 
  Import took 0.046214 seconds .

========================================================================
Received Import Request.
  Time since last request: 0.000319 seconds.
  path: Assets/cemetery halloween set/mobile_models/mobile_pumpkin_09.FBX
  artifactKey: Guid(b98818e61f60a8a4db4d2f850f330474) Importer(815301076,1909f56bfc062723c751e8b465ee728b)
Start importing Assets/cemetery halloween set/mobile_models/mobile_pumpkin_09.FBX using Guid(b98818e61f60a8a4db4d2f850f330474) Importer(815301076,1909f56bfc062723c751e8b465ee728b)  -> (artifact id: '11666321bb14019f9856c2cdc0d3ed4d') in 0.041580 seconds 
  Import took 0.048204 seconds .

========================================================================
Received Import Request.
  Time since last request: 0.000251 seconds.
  path: Assets/cemetery halloween set/mobile_models/mobile_rock_07.fbx
  artifactKey: Guid(63d74ff6da6cf9d4d9b0c2a3b35b3563) Importer(815301076,1909f56bfc062723c751e8b465ee728b)
Start importing Assets/cemetery halloween set/mobile_models/mobile_rock_07.fbx using Guid(63d74ff6da6cf9d4d9b0c2a3b35b3563) Importer(815301076,1909f56bfc062723c751e8b465ee728b)  -> (artifact id: '99b531c94ea83ff66a5bfc8718b8d0fd') in 0.037881 seconds 
  Import took 0.043666 seconds .

========================================================================
Received Import Request.
  Time since last request: 0.000223 seconds.
  path: Assets/cemetery halloween set/mobile_models/mobile_rock_09.fbx
  artifactKey: Guid(d1387b70c9809a94ca019959f8e3f17e) Importer(815301076,1909f56bfc062723c751e8b465ee728b)
Start importing Assets/cemetery halloween set/mobile_models/mobile_rock_09.fbx using Guid(d1387b70c9809a94ca019959f8e3f17e) Importer(815301076,1909f56bfc062723c751e8b465ee728b)  -> (artifact id: 'e1c3eb32c06f0debcd9d706b6eaf5366') in 0.043385 seconds 
  Import took 0.049301 seconds .

========================================================================
Received Import Request.
  Time since last request: 0.000262 seconds.
  path: Assets/cemetery halloween set/mobile_models/mobile_pumpkin_03.FBX
  artifactKey: Guid(baf5b5499a9e52347a415f91dc24800c) Importer(815301076,1909f56bfc062723c751e8b465ee728b)
Start importing Assets/cemetery halloween set/mobile_models/mobile_pumpkin_03.FBX using Guid(baf5b5499a9e52347a415f91dc24800c) Importer(815301076,1909f56bfc062723c751e8b465ee728b)  -> (artifact id: 'd66773e05a3e71f7d795dd8636c234f3') in 0.056104 seconds 
  Import took 0.062091 seconds .

========================================================================
Received Import Request.
  Time since last request: 0.000224 seconds.
  path: Assets/cemetery halloween set/mobile_models/mobile_rock_03.fbx
  artifactKey: Guid(983371617a551214d88f735e4c40bcef) Importer(815301076,1909f56bfc062723c751e8b465ee728b)
Start importing Assets/cemetery halloween set/mobile_models/mobile_rock_03.fbx using Guid(983371617a551214d88f735e4c40bcef) Importer(815301076,1909f56bfc062723c751e8b465ee728b)  -> (artifact id: '60c6439feeb6bdb95225614195846578') in 0.038576 seconds 
  Import took 0.044569 seconds .

========================================================================
Received Import Request.
  Time since last request: 0.000203 seconds.
  path: Assets/cemetery halloween set/mobile_models/mobile_rock_06.fbx
  artifactKey: Guid(3ded7c4acd4401f4080283896acd4217) Importer(815301076,1909f56bfc062723c751e8b465ee728b)
Start importing Assets/cemetery halloween set/mobile_models/mobile_rock_06.fbx using Guid(3ded7c4acd4401f4080283896acd4217) Importer(815301076,1909f56bfc062723c751e8b465ee728b)  -> (artifact id: 'd60b6c86a44a5936c72301c94f14f676') in 0.040476 seconds 
  Import took 0.046599 seconds .

========================================================================
Received Import Request.
  Time since last request: 0.000231 seconds.
  path: Assets/cemetery halloween set/mobile_models/mobile_pumpkin_07.FBX
  artifactKey: Guid(2ac3d42854d8fdb45a6ae3caada2662c) Importer(815301076,1909f56bfc062723c751e8b465ee728b)
Start importing Assets/cemetery halloween set/mobile_models/mobile_pumpkin_07.FBX using Guid(2ac3d42854d8fdb45a6ae3caada2662c) Importer(815301076,1909f56bfc062723c751e8b465ee728b)  -> (artifact id: 'a998d4bd131ea019542722e02b43d7a4') in 0.050068 seconds 
  Import took 0.055833 seconds .

========================================================================
Received Import Request.
  Time since last request: 0.000469 seconds.
  path: Assets/cemetery halloween set/mobile_models/mobile_pumpkin_02.FBX
  artifactKey: Guid(9b4a4a721cc56b9439fa43fcda954fd9) Importer(815301076,1909f56bfc062723c751e8b465ee728b)
Start importing Assets/cemetery halloween set/mobile_models/mobile_pumpkin_02.FBX using Guid(9b4a4a721cc56b9439fa43fcda954fd9) Importer(815301076,1909f56bfc062723c751e8b465ee728b)  -> (artifact id: '057dd9a6561f01d867e107b41ed09e98') in 0.051701 seconds 
  Import took 0.058267 seconds .

========================================================================
Received Import Request.
  Time since last request: 0.000278 seconds.
  path: Assets/cemetery halloween set/mobile_models/mobile_rock_10.fbx
  artifactKey: Guid(d16a3ed41b50e0145bc136aeeaf558c5) Importer(815301076,1909f56bfc062723c751e8b465ee728b)
Start importing Assets/cemetery halloween set/mobile_models/mobile_rock_10.fbx using Guid(d16a3ed41b50e0145bc136aeeaf558c5) Importer(815301076,1909f56bfc062723c751e8b465ee728b)  -> (artifact id: 'fab5879b2a94e6a04a073feb482ecce9') in 0.039884 seconds 
  Import took 0.046170 seconds .

========================================================================
Received Import Request.
  Time since last request: 0.000233 seconds.
  path: Assets/cemetery halloween set/mobile_models/mobile_lava_dead_tree_05.FBX
  artifactKey: Guid(206cac0edeba8064ba456fb9c2175038) Importer(815301076,1909f56bfc062723c751e8b465ee728b)
Start importing Assets/cemetery halloween set/mobile_models/mobile_lava_dead_tree_05.FBX using Guid(206cac0edeba8064ba456fb9c2175038) Importer(815301076,1909f56bfc062723c751e8b465ee728b)  -> (artifact id: '310949899f1b5ed63ff07b5e7ec05444') in 0.051189 seconds 
  Import took 0.056804 seconds .

========================================================================
Received Import Request.
  Time since last request: 284.888989 seconds.
  path: Assets/cemetery halloween set/mobile_models/mobile_rock_11.fbx
  artifactKey: Guid(22baa4f6d34d5ff4a96f5ec0e9e994bb) Importer(815301076,1909f56bfc062723c751e8b465ee728b)
Start importing Assets/cemetery halloween set/mobile_models/mobile_rock_11.fbx using Guid(22baa4f6d34d5ff4a96f5ec0e9e994bb) Importer(815301076,1909f56bfc062723c751e8b465ee728b)  -> (artifact id: 'ec5ff00ff967b8dc4bd150a8e1f50899') in 0.041213 seconds 
  Import took 0.048495 seconds .

========================================================================
Received Import Request.
  Time since last request: 0.000288 seconds.
  path: Assets/cemetery halloween set/mobile_models/mobile_rock_12.fbx
  artifactKey: Guid(ee22847cdd6aa3947abe48bf952cbd3e) Importer(815301076,1909f56bfc062723c751e8b465ee728b)
Start importing Assets/cemetery halloween set/mobile_models/mobile_rock_12.fbx using Guid(ee22847cdd6aa3947abe48bf952cbd3e) Importer(815301076,1909f56bfc062723c751e8b465ee728b)  -> (artifact id: '78bb0cc7f28df96c26e5fb9b4478e1d6') in 0.052187 seconds 
  Import took 0.060791 seconds .

========================================================================
Received Import Request.
  Time since last request: 0.000339 seconds.
  path: Assets/cemetery halloween set/mobile_models/mobile_rock_11.fbx
  artifactKey: Guid(22baa4f6d34d5ff4a96f5ec0e9e994bb) Importer(815301076,1909f56bfc062723c751e8b465ee728b)
Start importing Assets/cemetery halloween set/mobile_models/mobile_rock_11.fbx using Guid(22baa4f6d34d5ff4a96f5ec0e9e994bb) Importer(815301076,1909f56bfc062723c751e8b465ee728b)  -> (artifact id: 'ec5ff00ff967b8dc4bd150a8e1f50899') in 0.045086 seconds 
  Import took 0.051966 seconds .

========================================================================
Received Import Request.
  Time since last request: 0.000219 seconds.
  path: Assets/cemetery halloween set/mobile_models/mobile_spokebone_03.fbx
  artifactKey: Guid(3c4c39aa62cf59941b89bf1c41b6a224) Importer(815301076,1909f56bfc062723c751e8b465ee728b)
Start importing Assets/cemetery halloween set/mobile_models/mobile_spokebone_03.fbx using Guid(3c4c39aa62cf59941b89bf1c41b6a224) Importer(815301076,1909f56bfc062723c751e8b465ee728b)  -> (artifact id: '001d8ce98b5e1b9e5bb231c3b087d910') in 0.040657 seconds 
  Import took 0.047583 seconds .

========================================================================
Received Import Request.
  Time since last request: 0.000237 seconds.
  path: Assets/cemetery halloween set/mobile_models/mobile_skull_05.fbx
  artifactKey: Guid(49eb1c92bb20c2b4eb57c3640ae03e36) Importer(815301076,1909f56bfc062723c751e8b465ee728b)
Start importing Assets/cemetery halloween set/mobile_models/mobile_skull_05.fbx using Guid(49eb1c92bb20c2b4eb57c3640ae03e36) Importer(815301076,1909f56bfc062723c751e8b465ee728b)  -> (artifact id: 'd02c625e6e5a49219dfd511d2a08ebbc') in 0.040848 seconds 
  Import took 0.048044 seconds .

========================================================================
Received Import Request.
  Time since last request: 0.000194 seconds.
  path: Assets/cemetery halloween set/mobile_models/mobile_spokebone_02.fbx
  artifactKey: Guid(5215610877a8d18418c49a231b722f29) Importer(815301076,1909f56bfc062723c751e8b465ee728b)
Start importing Assets/cemetery halloween set/mobile_models/mobile_spokebone_02.fbx using Guid(5215610877a8d18418c49a231b722f29) Importer(815301076,1909f56bfc062723c751e8b465ee728b)  -> (artifact id: '2857a8ffa6800406fe007fd4336947bf') in 0.044399 seconds 
  Import took 0.050714 seconds .

========================================================================
Received Import Request.
  Time since last request: 0.000252 seconds.
  path: Assets/cemetery halloween set/mobile_models/mobile_zombie_hand_04.fbx
  artifactKey: Guid(6cf80290cba3ccb4bbca3c60ffccd853) Importer(815301076,1909f56bfc062723c751e8b465ee728b)
Start importing Assets/cemetery halloween set/mobile_models/mobile_zombie_hand_04.fbx using Guid(6cf80290cba3ccb4bbca3c60ffccd853) Importer(815301076,1909f56bfc062723c751e8b465ee728b)  -> (artifact id: 'b07da766f59c15ec320327f344d3bef4') in 0.042038 seconds 
  Import took 0.049076 seconds .

========================================================================
Received Import Request.
  Time since last request: 0.000212 seconds.
  path: Assets/cemetery halloween set/mobile_models/mobile_spokebone_04.fbx
  artifactKey: Guid(101bd84e60ec7e641add47719afdad97) Importer(815301076,1909f56bfc062723c751e8b465ee728b)
Start importing Assets/cemetery halloween set/mobile_models/mobile_spokebone_04.fbx using Guid(101bd84e60ec7e641add47719afdad97) Importer(815301076,1909f56bfc062723c751e8b465ee728b)  -> (artifact id: 'c899e75f87b1b740e64fcabab2cb01b0') in 0.043737 seconds 
  Import took 0.050778 seconds .

========================================================================
Received Import Request.
  Time since last request: 0.000257 seconds.
  path: Assets/cemetery halloween set/mobile_models/mobile_zombie_hand_02.fbx
  artifactKey: Guid(2e95495b51a0cac40ae2f78350505447) Importer(815301076,1909f56bfc062723c751e8b465ee728b)
Start importing Assets/cemetery halloween set/mobile_models/mobile_zombie_hand_02.fbx using Guid(2e95495b51a0cac40ae2f78350505447) Importer(815301076,1909f56bfc062723c751e8b465ee728b)  -> (artifact id: '60630adf02e3752e4103faa51de254e4') in 0.043929 seconds 
  Import took 0.050637 seconds .

========================================================================
Received Import Request.
  Time since last request: 0.000220 seconds.
  path: Assets/cemetery halloween set/mobile_models/mobile_rock_14.fbx
  artifactKey: Guid(d5ecc4678a7389c41ac8d6f820afaf72) Importer(815301076,1909f56bfc062723c751e8b465ee728b)
Start importing Assets/cemetery halloween set/mobile_models/mobile_rock_14.fbx using Guid(d5ecc4678a7389c41ac8d6f820afaf72) Importer(815301076,1909f56bfc062723c751e8b465ee728b)  -> (artifact id: 'b4638c5417947f68c3a9a00d6a4c7c99') in 0.041125 seconds 
  Import took 0.047866 seconds .

========================================================================
Received Import Request.
  Time since last request: 0.000198 seconds.
  path: Assets/cemetery halloween set/mobile_models/mobile_skull_01.fbx
  artifactKey: Guid(d20b0e24eb9590b47b98f536378629d9) Importer(815301076,1909f56bfc062723c751e8b465ee728b)
Start importing Assets/cemetery halloween set/mobile_models/mobile_skull_01.fbx using Guid(d20b0e24eb9590b47b98f536378629d9) Importer(815301076,1909f56bfc062723c751e8b465ee728b)  -> (artifact id: 'db7cc2f2da9d22fbbcc55c435695bc6d') in 0.037955 seconds 
  Import took 0.044766 seconds .

========================================================================
Received Import Request.
  Time since last request: 0.000221 seconds.
  path: Assets/cemetery halloween set/mobile_models/mobile_skull_04.fbx
  artifactKey: Guid(0c76e42b1817e9a4786ec132c0a548ec) Importer(815301076,1909f56bfc062723c751e8b465ee728b)
Start importing Assets/cemetery halloween set/mobile_models/mobile_skull_04.fbx using Guid(0c76e42b1817e9a4786ec132c0a548ec) Importer(815301076,1909f56bfc062723c751e8b465ee728b)  -> (artifact id: 'a2f9962cc986ef072112542cfb8e94c5') in 0.044054 seconds 
  Import took 0.051187 seconds .

========================================================================
Received Import Request.
  Time since last request: 0.000270 seconds.
  path: Assets/cemetery halloween set/mobile_models/mobile_skull_07.fbx
  artifactKey: Guid(881617c3bb80d4248af1a8496de10213) Importer(815301076,1909f56bfc062723c751e8b465ee728b)
Start importing Assets/cemetery halloween set/mobile_models/mobile_skull_07.fbx using Guid(881617c3bb80d4248af1a8496de10213) Importer(815301076,1909f56bfc062723c751e8b465ee728b)  -> (artifact id: 'd8cf6e7f77291f168644521af25aeb20') in 0.039064 seconds 
  Import took 0.046054 seconds .

========================================================================
Received Import Request.
  Time since last request: 0.000280 seconds.
  path: Assets/cemetery halloween set/mobile_models/spiderweb_04.fbx
  artifactKey: Guid(057040400e4286741820bac6dfcff390) Importer(815301076,1909f56bfc062723c751e8b465ee728b)
Start importing Assets/cemetery halloween set/mobile_models/spiderweb_04.fbx using Guid(057040400e4286741820bac6dfcff390) Importer(815301076,1909f56bfc062723c751e8b465ee728b)  -> (artifact id: '4403b56943b7efdad79f3193325254d3') in 0.046021 seconds 
  Import took 0.055939 seconds .

========================================================================
Received Import Request.
  Time since last request: 0.000370 seconds.
  path: Assets/cemetery halloween set/mobile_models/spiderweb_02.fbx
  artifactKey: Guid(3fe7f06cea0b64f40a77f2183a254818) Importer(815301076,1909f56bfc062723c751e8b465ee728b)
Start importing Assets/cemetery halloween set/mobile_models/spiderweb_02.fbx using Guid(3fe7f06cea0b64f40a77f2183a254818) Importer(815301076,1909f56bfc062723c751e8b465ee728b)  -> (artifact id: '53d1a572ef1c633d9a46ecdeef1cb332') in 0.052212 seconds 
  Import took 0.061355 seconds .

========================================================================
Received Import Request.
  Time since last request: 0.000464 seconds.
  path: Assets/cemetery halloween set/mobile_models/mobile_zombie_hand_07.fbx
  artifactKey: Guid(0f92480065df8e04aa5eb8781bb08843) Importer(815301076,1909f56bfc062723c751e8b465ee728b)
Start importing Assets/cemetery halloween set/mobile_models/mobile_zombie_hand_07.fbx using Guid(0f92480065df8e04aa5eb8781bb08843) Importer(815301076,1909f56bfc062723c751e8b465ee728b)  -> (artifact id: 'a737c6d903de46b30a6ac9afa6edfcc7') in 0.045947 seconds 
  Import took 0.053318 seconds .

========================================================================
Received Import Request.
  Time since last request: 0.000342 seconds.
  path: Assets/cemetery halloween set/mobile_models/Tree01_BG.fbx
  artifactKey: Guid(479f6285e495c35478ec9578924be7ca) Importer(815301076,1909f56bfc062723c751e8b465ee728b)
Start importing Assets/cemetery halloween set/mobile_models/Tree01_BG.fbx using Guid(479f6285e495c35478ec9578924be7ca) Importer(815301076,1909f56bfc062723c751e8b465ee728b)  -> (artifact id: 'fb5bc556e8da50a9ce7b11992edfce62') in 0.151237 seconds 
  Import took 0.155492 seconds .

========================================================================
Received Import Request.
  Time since last request: 0.000333 seconds.
  path: Assets/cemetery halloween set/mobile_models/spiderweb_01.fbx
  artifactKey: Guid(6f62e5c45e80dc64d9819d5aeed09497) Importer(815301076,1909f56bfc062723c751e8b465ee728b)
Start importing Assets/cemetery halloween set/mobile_models/spiderweb_01.fbx using Guid(6f62e5c45e80dc64d9819d5aeed09497) Importer(815301076,1909f56bfc062723c751e8b465ee728b)  -> (artifact id: '3c95f2688b3439fb7846c51ab41d06bd') in 0.048045 seconds 
  Import took 0.054733 seconds .

========================================================================
Received Import Request.
  Time since last request: 0.000271 seconds.
  path: Assets/cemetery halloween set/mobile_models/mobile_spokebone_01.fbx
  artifactKey: Guid(30c62c27047b86049819db7a594880d8) Importer(815301076,1909f56bfc062723c751e8b465ee728b)
Start importing Assets/cemetery halloween set/mobile_models/mobile_spokebone_01.fbx using Guid(30c62c27047b86049819db7a594880d8) Importer(815301076,1909f56bfc062723c751e8b465ee728b)  -> (artifact id: '85383efd575c2b0031524e23fbd9a72e') in 0.043560 seconds 
  Import took 0.050212 seconds .

========================================================================
Received Import Request.
  Time since last request: 0.000211 seconds.
  path: Assets/cemetery halloween set/mobile_models/mobile_skull_03.fbx
  artifactKey: Guid(03acf250cbc1f0f4f9661a49b7d1dede) Importer(815301076,1909f56bfc062723c751e8b465ee728b)
Start importing Assets/cemetery halloween set/mobile_models/mobile_skull_03.fbx using Guid(03acf250cbc1f0f4f9661a49b7d1dede) Importer(815301076,1909f56bfc062723c751e8b465ee728b)  -> (artifact id: '5c7655f086cb7da61cd6322bce857538') in 0.045711 seconds 
  Import took 0.052766 seconds .

========================================================================
Received Import Request.
  Time since last request: 0.000283 seconds.
  path: Assets/cemetery halloween set/mobile_models/mobile_rock_13.fbx
  artifactKey: Guid(954b3807118d9874895dbb1dac5f7845) Importer(815301076,1909f56bfc062723c751e8b465ee728b)
Start importing Assets/cemetery halloween set/mobile_models/mobile_rock_13.fbx using Guid(954b3807118d9874895dbb1dac5f7845) Importer(815301076,1909f56bfc062723c751e8b465ee728b)  -> (artifact id: '2c91e3083c9b2ada7202cb94669b774e') in 0.045610 seconds 
  Import took 0.052803 seconds .

========================================================================
Received Import Request.
  Time since last request: 0.000325 seconds.
  path: Assets/cemetery halloween set/mobile_models/mobile_zombie_hand_05.fbx
  artifactKey: Guid(af187991ec84e56438543f097a9973b1) Importer(815301076,1909f56bfc062723c751e8b465ee728b)
Start importing Assets/cemetery halloween set/mobile_models/mobile_zombie_hand_05.fbx using Guid(af187991ec84e56438543f097a9973b1) Importer(815301076,1909f56bfc062723c751e8b465ee728b)  -> (artifact id: 'd50749dfa408ca9713d07fd69f07cad9') in 0.039458 seconds 
  Import took 0.045847 seconds .

========================================================================
Received Import Request.
  Time since last request: 0.000261 seconds.
  path: Assets/cemetery halloween set/mobile_models/mobile_skull_06.fbx
  artifactKey: Guid(de584f397913e954daaa5156861df87e) Importer(815301076,1909f56bfc062723c751e8b465ee728b)
Start importing Assets/cemetery halloween set/mobile_models/mobile_skull_06.fbx using Guid(de584f397913e954daaa5156861df87e) Importer(815301076,1909f56bfc062723c751e8b465ee728b)  -> (artifact id: '3468861e47570ea86d66fbf7e71e1768') in 0.042581 seconds 
  Import took 0.049100 seconds .

========================================================================
Received Import Request.
  Time since last request: 0.000194 seconds.
  path: Assets/cemetery halloween set/mobile_models/mobile_tomb.fbx
  artifactKey: Guid(5d493aa214a7dc045b4313f080a0eeb5) Importer(815301076,1909f56bfc062723c751e8b465ee728b)
Start importing Assets/cemetery halloween set/mobile_models/mobile_tomb.fbx using Guid(5d493aa214a7dc045b4313f080a0eeb5) Importer(815301076,1909f56bfc062723c751e8b465ee728b)  -> (artifact id: '78d4a2a4e80b55008a93d3a49ce106ab') in 0.040758 seconds 
  Import took 0.048900 seconds .

========================================================================
Received Import Request.
  Time since last request: 0.000243 seconds.
  path: Assets/cemetery halloween set/mobile_models/mobile_skull_09.fbx
  artifactKey: Guid(e748348f7474b9e4f8629fbe63f51cb5) Importer(815301076,1909f56bfc062723c751e8b465ee728b)
Start importing Assets/cemetery halloween set/mobile_models/mobile_skull_09.fbx using Guid(e748348f7474b9e4f8629fbe63f51cb5) Importer(815301076,1909f56bfc062723c751e8b465ee728b)  -> (artifact id: '81cdc0269a71037f02dccc2b99c92cb1') in 0.044137 seconds 
  Import took 0.051116 seconds .

========================================================================
Received Import Request.
  Time since last request: 0.000284 seconds.
  path: Assets/cemetery halloween set/mobile_models/mobile_zombie_hand_08.fbx
  artifactKey: Guid(920d223dba98b1f4e948109f33aa3d4a) Importer(815301076,1909f56bfc062723c751e8b465ee728b)
Start importing Assets/cemetery halloween set/mobile_models/mobile_zombie_hand_08.fbx using Guid(920d223dba98b1f4e948109f33aa3d4a) Importer(815301076,1909f56bfc062723c751e8b465ee728b)  -> (artifact id: '5974f9011677b6a796666ee50870c1b2') in 0.040717 seconds 
  Import took 0.048296 seconds .

========================================================================
Received Import Request.
  Time since last request: 0.000284 seconds.
  path: Assets/cemetery halloween set/mobile_models/mobile_skull_08.fbx
  artifactKey: Guid(90855fca51f57254796d3d3639f9da6c) Importer(815301076,1909f56bfc062723c751e8b465ee728b)
Start importing Assets/cemetery halloween set/mobile_models/mobile_skull_08.fbx using Guid(90855fca51f57254796d3d3639f9da6c) Importer(815301076,1909f56bfc062723c751e8b465ee728b)  -> (artifact id: 'c3904bfc4b005b3c19706bd6a8df540e') in 0.042501 seconds 
  Import took 0.049338 seconds .

========================================================================
Received Import Request.
  Time since last request: 0.000246 seconds.
  path: Assets/cemetery halloween set/mobile_models/mobile_zombie_hand_01.fbx
  artifactKey: Guid(32dd785d67ec2d44f92991f40966c59e) Importer(815301076,1909f56bfc062723c751e8b465ee728b)
Start importing Assets/cemetery halloween set/mobile_models/mobile_zombie_hand_01.fbx using Guid(32dd785d67ec2d44f92991f40966c59e) Importer(815301076,1909f56bfc062723c751e8b465ee728b)  -> (artifact id: '1471491b10f1604a89265c07f681f159') in 0.039533 seconds 
  Import took 0.046726 seconds .

========================================================================
Received Import Request.
  Time since last request: 0.000297 seconds.
  path: Assets/cemetery halloween set/mobile_models/mobile_zombie_hand_03.fbx
  artifactKey: Guid(97549f214d92d48468d4f0ade5d60abe) Importer(815301076,1909f56bfc062723c751e8b465ee728b)
Start importing Assets/cemetery halloween set/mobile_models/mobile_zombie_hand_03.fbx using Guid(97549f214d92d48468d4f0ade5d60abe) Importer(815301076,1909f56bfc062723c751e8b465ee728b)  -> (artifact id: 'c8639787a6969ddb35a485fa124a0be6') in 0.041340 seconds 
  Import took 0.048121 seconds .

========================================================================
Received Import Request.
  Time since last request: 0.000295 seconds.
  path: Assets/cemetery halloween set/mobile_models/spiderweb_03.fbx
  artifactKey: Guid(d377c4968136353438de100aeeb00032) Importer(815301076,1909f56bfc062723c751e8b465ee728b)
Start importing Assets/cemetery halloween set/mobile_models/spiderweb_03.fbx using Guid(d377c4968136353438de100aeeb00032) Importer(815301076,1909f56bfc062723c751e8b465ee728b)  -> (artifact id: '6f4134dd93e2df4a7e8b451f0c8257d1') in 0.040107 seconds 
  Import took 0.046949 seconds .

========================================================================
Received Import Request.
  Time since last request: 0.000326 seconds.
  path: Assets/cemetery halloween set/mobile_models/mobile_zombie_hand_06.fbx
  artifactKey: Guid(f850be5ebb1538841a32a8166b111f5d) Importer(815301076,1909f56bfc062723c751e8b465ee728b)
Start importing Assets/cemetery halloween set/mobile_models/mobile_zombie_hand_06.fbx using Guid(f850be5ebb1538841a32a8166b111f5d) Importer(815301076,1909f56bfc062723c751e8b465ee728b)  -> (artifact id: 'faca4f4e4711a389862b928a9bdd2d72') in 0.042934 seconds 
  Import took 0.049505 seconds .

========================================================================
Received Import Request.
  Time since last request: 0.000305 seconds.
  path: Assets/cemetery halloween set/mobile_models/mobile_skull_02.fbx
  artifactKey: Guid(cf84320791eec4d41bd3fce47ad03cfb) Importer(815301076,1909f56bfc062723c751e8b465ee728b)
Start importing Assets/cemetery halloween set/mobile_models/mobile_skull_02.fbx using Guid(cf84320791eec4d41bd3fce47ad03cfb) Importer(815301076,1909f56bfc062723c751e8b465ee728b)  -> (artifact id: 'afe08618171f48b53007e0609f58aba1') in 0.039601 seconds 
  Import took 0.045760 seconds .

========================================================================
Received Import Request.
  Time since last request: 0.000186 seconds.
  path: Assets/cemetery halloween set/mobile_models/mobile_zombie_hand_09.fbx
  artifactKey: Guid(96cad661baf8e0943b1dfa70f8e42849) Importer(815301076,1909f56bfc062723c751e8b465ee728b)
Start importing Assets/cemetery halloween set/mobile_models/mobile_zombie_hand_09.fbx using Guid(96cad661baf8e0943b1dfa70f8e42849) Importer(815301076,1909f56bfc062723c751e8b465ee728b)  -> (artifact id: '2bb2231acf2a16956ae5c1beb8b61c3f') in 0.041134 seconds 
  Import took 0.048214 seconds .

========================================================================
Received Import Request.
  Time since last request: 0.602154 seconds.
  path: Assets/cemetery halloween set/mobile_models/Tree02_BG.fbx
  artifactKey: Guid(54294e5a20062f0409574f793d0a4afa) Importer(815301076,1909f56bfc062723c751e8b465ee728b)
Start importing Assets/cemetery halloween set/mobile_models/Tree02_BG.fbx using Guid(54294e5a20062f0409574f793d0a4afa) Importer(815301076,1909f56bfc062723c751e8b465ee728b)  -> (artifact id: '1689e9a1b7b73c85af689e05dda43d77') in 0.019173 seconds 
  Import took 0.023455 seconds .

========================================================================
Received Import Request.
  Time since last request: 0.000245 seconds.
  path: Assets/cemetery halloween set/mobile_models/Tree04_BG.fbx
  artifactKey: Guid(cb99235c8bf6a974981506ec98dbc64a) Importer(815301076,1909f56bfc062723c751e8b465ee728b)
Start importing Assets/cemetery halloween set/mobile_models/Tree04_BG.fbx using Guid(cb99235c8bf6a974981506ec98dbc64a) Importer(815301076,1909f56bfc062723c751e8b465ee728b)  -> (artifact id: '50d315136c1d5da9c590af628dcc64e8') in 0.022386 seconds 
  Import took 0.027480 seconds .

========================================================================
Received Import Request.
  Time since last request: 0.000302 seconds.
  path: Assets/cemetery halloween set/mobile_models/Tree03_BG.fbx
  artifactKey: Guid(fe4942aa989cf244eb7b7a30eb0a95e5) Importer(815301076,1909f56bfc062723c751e8b465ee728b)
Start importing Assets/cemetery halloween set/mobile_models/Tree03_BG.fbx using Guid(fe4942aa989cf244eb7b7a30eb0a95e5) Importer(815301076,1909f56bfc062723c751e8b465ee728b)  -> (artifact id: 'e0377973d4fb76f4918f706a56771923') in 0.039021 seconds 
  Import took 0.046451 seconds .

========================================================================
Received Prepare
Registering precompiled user dll's ...
Registered in 0.004736 seconds.
Begin MonoManager ReloadAssembly
Native extension for OSXStandalone target not found
Native extension for WebGL target not found
Refreshing native plugins compatible for Editor in 0.53 ms, found 2 plugins.
Preloading 0 native plugins for Editor in 0.00 ms.
Mono: successfully reloaded assembly
- Completed reload, in  1.381 seconds
Domain Reload Profiling:
	ReloadAssembly (1382ms)
		BeginReloadAssembly (182ms)
			ExecutionOrderSort (0ms)
			DisableScriptedObjects (8ms)
			BackupInstance (0ms)
			ReleaseScriptingObjects (0ms)
			CreateAndSetChildDomain (105ms)
		EndReloadAssembly (1118ms)
			LoadAssemblies (113ms)
			RebuildTransferFunctionScriptingTraits (1ms)
			SetupTypeCache (386ms)
			ReleaseScriptCaches (1ms)
			RebuildScriptCaches (58ms)
			SetupLoadedEditorAssemblies (403ms)
				LogAssemblyErrors (0ms)
				InitializePlatformSupportModulesInManaged (6ms)
				SetLoadedEditorAssemblies (1ms)
				RefreshPlugins (1ms)
				BeforeProcessingInitializeOnLoad (95ms)
				ProcessInitializeOnLoadAttributes (292ms)
				ProcessInitializeOnLoadMethodAttributes (7ms)
				AfterProcessingInitializeOnLoad (1ms)
				EditorAssembliesLoaded (0ms)
			ExecutionOrderSort2 (0ms)
			AwakeInstancesAfterBackupRestoration (8ms)
Platform modules already initialized, skipping
Refreshing native plugins compatible for Editor in 0.61 ms, found 2 plugins.
Preloading 0 native plugins for Editor in 0.00 ms.
Unloading 1927 Unused Serialized files (Serialized files now loaded: 0)
System memory in use before: 218.0 MB.
System memory in use after: 218.1 MB.

Unloading 14 unused Assets to reduce memory usage. Loaded Objects now: 2486.
Total: 3.445122 ms (FindLiveObjects: 0.317416 ms CreateObjectMapping: 0.078465 ms MarkObjects: 3.001220 ms  DeleteObjects: 0.046971 ms)

AssetImportParameters requested are different than current active one (requested -> active):
  custom:video-decoder-ogg-theora: a1e56fd34408186e4bbccfd4996cb3dc -> 
  custom:container-muxer-webm: aa71ff27fc2769a1b78a27578f13a17b -> 
  custom:container-demuxer-webm: 4f35f7cbe854078d1ac9338744f61a02 -> 
  custom:container-demuxer-ogg: 62fdf1f143b41e24485cea50d1cbac27 -> 
  custom:video-encoder-webm-vp8: eb34c28f22e8b96e1ab97ce403110664 -> 
  custom:framework-osx-AVFoundation: b23960f63f64bdc6ff669e2cdcee2391 -> 
  custom:video-decoder-webm-vp8: 9c59270c3fd7afecdb556c50c9e8de78 -> 
  custom:audio-decoder-ogg-vorbis: bf7c407c2cedff20999df2af8eb42d56 -> 
  custom:audio-encoder-webm-vorbis: bf7c407c2cedff20999df2af8eb42d56 -> 
========================================================================
Received Prepare
Registering precompiled user dll's ...
Registered in 0.001495 seconds.
Begin MonoManager ReloadAssembly
Native extension for OSXStandalone target not found
Native extension for WebGL target not found
Refreshing native plugins compatible for Editor in 0.56 ms, found 2 plugins.
Preloading 0 native plugins for Editor in 0.00 ms.
Mono: successfully reloaded assembly
- Completed reload, in  1.515 seconds
Domain Reload Profiling:
	ReloadAssembly (1517ms)
		BeginReloadAssembly (236ms)
			ExecutionOrderSort (0ms)
			DisableScriptedObjects (10ms)
			BackupInstance (0ms)
			ReleaseScriptingObjects (0ms)
			CreateAndSetChildDomain (148ms)
		EndReloadAssembly (1158ms)
			LoadAssemblies (100ms)
			RebuildTransferFunctionScriptingTraits (0ms)
			SetupTypeCache (403ms)
			ReleaseScriptCaches (1ms)
			RebuildScriptCaches (63ms)
			SetupLoadedEditorAssemblies (416ms)
				LogAssemblyErrors (0ms)
				InitializePlatformSupportModulesInManaged (6ms)
				SetLoadedEditorAssemblies (1ms)
				RefreshPlugins (1ms)
				BeforeProcessingInitializeOnLoad (96ms)
				ProcessInitializeOnLoadAttributes (302ms)
				ProcessInitializeOnLoadMethodAttributes (8ms)
				AfterProcessingInitializeOnLoad (1ms)
				EditorAssembliesLoaded (0ms)
			ExecutionOrderSort2 (0ms)
			AwakeInstancesAfterBackupRestoration (8ms)
Platform modules already initialized, skipping
Refreshing native plugins compatible for Editor in 0.53 ms, found 2 plugins.
Preloading 0 native plugins for Editor in 0.00 ms.
Unloading 1927 Unused Serialized files (Serialized files now loaded: 0)
System memory in use before: 218.4 MB.
System memory in use after: 218.5 MB.

Unloading 13 unused Assets to reduce memory usage. Loaded Objects now: 2488.
Total: 3.664788 ms (FindLiveObjects: 0.361862 ms CreateObjectMapping: 0.089905 ms MarkObjects: 3.143846 ms  DeleteObjects: 0.068253 ms)

AssetImportParameters requested are different than current active one (requested -> active):
  custom:video-decoder-ogg-theora: a1e56fd34408186e4bbccfd4996cb3dc -> 
  custom:container-muxer-webm: aa71ff27fc2769a1b78a27578f13a17b -> 
  custom:container-demuxer-webm: 4f35f7cbe854078d1ac9338744f61a02 -> 
  custom:container-demuxer-ogg: 62fdf1f143b41e24485cea50d1cbac27 -> 
  custom:video-encoder-webm-vp8: eb34c28f22e8b96e1ab97ce403110664 -> 
  custom:framework-osx-AVFoundation: b23960f63f64bdc6ff669e2cdcee2391 -> 
  custom:video-decoder-webm-vp8: 9c59270c3fd7afecdb556c50c9e8de78 -> 
  custom:audio-decoder-ogg-vorbis: bf7c407c2cedff20999df2af8eb42d56 -> 
  custom:audio-encoder-webm-vorbis: bf7c407c2cedff20999df2af8eb42d56 -> 
========================================================================
Received Prepare
Refreshing native plugins compatible for Editor in 20.21 ms, found 2 plugins.
Preloading 0 native plugins for Editor in 0.00 ms.
Unloading 10 Unused Serialized files (Serialized files now loaded: 0)
System memory in use before: 180.4 MB.
System memory in use after: 180.4 MB.

Unloading 10 unused Assets to reduce memory usage. Loaded Objects now: 2488.
Total: 5.587282 ms (FindLiveObjects: 0.384694 ms CreateObjectMapping: 0.123508 ms MarkObjects: 4.990219 ms  DeleteObjects: 0.087679 ms)

AssetImportParameters requested are different than current active one (requested -> active):
  custom:video-decoder-ogg-theora: a1e56fd34408186e4bbccfd4996cb3dc -> 
  custom:container-muxer-webm: aa71ff27fc2769a1b78a27578f13a17b -> 
  custom:container-demuxer-webm: 4f35f7cbe854078d1ac9338744f61a02 -> 
  custom:container-demuxer-ogg: 62fdf1f143b41e24485cea50d1cbac27 -> 
  custom:video-encoder-webm-vp8: eb34c28f22e8b96e1ab97ce403110664 -> 
  custom:framework-osx-AVFoundation: b23960f63f64bdc6ff669e2cdcee2391 -> 
  custom:video-decoder-webm-vp8: 9c59270c3fd7afecdb556c50c9e8de78 -> 
  custom:audio-decoder-ogg-vorbis: bf7c407c2cedff20999df2af8eb42d56 -> 
  custom:audio-encoder-webm-vorbis: bf7c407c2cedff20999df2af8eb42d56 -> 
